{"level":"INFO","message":"[6:05:29.039 PM]: Creating new connection object"}
{"level":"INFO","message":"[6:05:29.054 PM]: Creating Connection[id: 6eb0c013-7cdc-4709-95d7-6336a583dac8] with host: OFSZTBZ-YD27842.snowflakecomputing.com, account: OFSZTBZ-YD27842, accessUrl: https://OFSZTBZ-YD27842.snowflakecomputing.com, user: ARYANYADAV4999, role: undefined, database: MARKETING, schema: PUBLIC, warehouse: COMPUTE_WH, proxy was not configured, password is provided, region: undefined, authenticator: SNOWFLAKE, ocsp mode: FAIL_OPEN, os: win32, os version: 10.0.26100"}
{"level":"INFO","message":"[6:05:29.055 PM]: Connection[id: 6eb0c013-7cdc-4709-95d7-6336a583dac8] additional details: passcode in password is provided, passcode is not provided, private key is not provided, application: undefined, client name: snowflake-sdk, client version: 2.1.3, retry timeout: 300, private key path: undefined, private key pass is not provided, client store temporary credential: false, browser response timeout: 120000"}
{"level":"INFO","message":"[6:05:29.055 PM]: Connection[id: 6eb0c013-7cdc-4709-95d7-6336a583dac8] - connection object created successfully."}
{"level":"INFO","message":"[6:05:29.056 PM]: Connection[id: 6eb0c013-7cdc-4709-95d7-6336a583dac8] - connecting. Associated Snowflake domain: GLOBAL"}
{"level":"INFO","message":"[6:05:29.064 PM]: Connection[id: 6eb0c013-7cdc-4709-95d7-6336a583dac8] - authentication successful using: SNOWFLAKE"}
{"level":"INFO","message":"[6:05:29.065 PM]: Trying to initialize Easy Logging"}
{"level":"INFO","message":"[6:05:29.068 PM]: No client config detected."}
{"level":"INFO","message":"[6:05:29.069 PM]: No config file path found. Client config will not be used."}
{"level":"INFO","message":"[6:05:29.070 PM]: Easy Logging is disabled as no config has been found"}
{"level":"INFO","message":"[6:05:29.076 PM]: Connection[id: 6eb0c013-7cdc-4709-95d7-6336a583dac8] - connected successfully after 20.0471 milliseconds"}
{"level":"INFO","message":"[6:08:45.174 PM]: Creating new connection object"}
{"level":"INFO","message":"[6:08:45.192 PM]: Creating Connection[id: 6ddb017a-a24a-4ba7-b198-4b64bc2d3336] with host: ofsztbz-yd27842.snowflakecomputing.com, account: ofsztbz-yd27842, accessUrl: https://ofsztbz-yd27842.snowflakecomputing.com, user: ARYANYADAV4999, role: undefined, database: MARKETING, schema: PUBLIC, warehouse: COMPUTE_WH, proxy was not configured, password is provided, region: undefined, authenticator: SNOWFLAKE, ocsp mode: FAIL_OPEN, os: win32, os version: 10.0.26100"}
{"level":"INFO","message":"[6:08:45.193 PM]: Connection[id: 6ddb017a-a24a-4ba7-b198-4b64bc2d3336] additional details: passcode in password is provided, passcode is not provided, private key is not provided, application: undefined, client name: snowflake-sdk, client version: 2.1.3, retry timeout: 300, private key path: undefined, private key pass is not provided, client store temporary credential: false, browser response timeout: 120000"}
{"level":"INFO","message":"[6:08:45.193 PM]: Connection[id: 6ddb017a-a24a-4ba7-b198-4b64bc2d3336] - connection object created successfully."}
{"level":"INFO","message":"[6:08:45.194 PM]: Connection[id: 6ddb017a-a24a-4ba7-b198-4b64bc2d3336] - connecting. Associated Snowflake domain: GLOBAL"}
{"level":"INFO","message":"[6:08:45.203 PM]: Connection[id: 6ddb017a-a24a-4ba7-b198-4b64bc2d3336] - authentication successful using: SNOWFLAKE"}
{"level":"INFO","message":"[6:08:45.204 PM]: Trying to initialize Easy Logging"}
{"level":"INFO","message":"[6:08:45.211 PM]: No client config detected."}
{"level":"INFO","message":"[6:08:45.212 PM]: No config file path found. Client config will not be used."}
{"level":"INFO","message":"[6:08:45.213 PM]: Easy Logging is disabled as no config has been found"}
{"level":"INFO","message":"[6:08:45.218 PM]: Connection[id: 6ddb017a-a24a-4ba7-b198-4b64bc2d3336] - connected successfully after 23.91249999999991 milliseconds"}
{"level":"INFO","message":"[6:09:44.558 PM]: Creating new connection object"}
{"level":"INFO","message":"[6:09:44.578 PM]: Creating Connection[id: f9e0e262-4e87-4dfb-8905-3bc21a6b8a3d] with host: ofsztbz-yd27842.snowflakecomputing.com.snowflakecomputing.com, account: ofsztbz-yd27842, accessUrl: https://ofsztbz-yd27842.snowflakecomputing.com.snowflakecomputing.com, user: ARYANYADAV4999, role: undefined, database: MARKETING, schema: PUBLIC, warehouse: COMPUTE_WH, proxy was not configured, password is provided, region: snowflakecomputing.com, authenticator: SNOWFLAKE, ocsp mode: FAIL_OPEN, os: win32, os version: 10.0.2"}
{"level":"INFO","message":"[6:09:44.579 PM]: Connection[id: f9e0e262-4e87-4dfb-8905-3bc21a6b8a3d] additional details: passcode in password is provided, passcode is not provided, private key is not provided, application: undefined, client name: snowflake-sdk, client version: 2.1.3, retry timeout: 300, private key path: undefined, private key pass is not provided, client store temporary credential: false, browser response timeout: 120000"}
{"level":"INFO","message":"[6:09:44.580 PM]: Connection[id: f9e0e262-4e87-4dfb-8905-3bc21a6b8a3d] - connection object created successfully."}
{"level":"INFO","message":"[6:09:44.581 PM]: Connection[id: f9e0e262-4e87-4dfb-8905-3bc21a6b8a3d] - connecting. Associated Snowflake domain: GLOBAL"}
{"level":"INFO","message":"[6:09:44.588 PM]: Connection[id: f9e0e262-4e87-4dfb-8905-3bc21a6b8a3d] - authentication successful using: SNOWFLAKE"}
{"level":"INFO","message":"[6:09:44.588 PM]: Trying to initialize Easy Logging"}
{"level":"INFO","message":"[6:09:44.596 PM]: No client config detected."}
{"level":"INFO","message":"[6:09:44.598 PM]: No config file path found. Client config will not be used."}
{"level":"INFO","message":"[6:09:44.599 PM]: Easy Logging is disabled as no config has been found"}
{"level":"INFO","message":"[6:09:44.610 PM]: Connection[id: f9e0e262-4e87-4dfb-8905-3bc21a6b8a3d] - connected successfully after 28.393200000000206 milliseconds"}
